# JRE version: Java(TM) SE Runtime Environment (8.0_05-b13) (build 1.8.0_05-b13)
# Java VM: Java HotSpot(TM) 64-Bit Server VM (25.5-b02 mixed mode bsd-amd64 compressed oops)
Heap:
 PSYoungGen      total 70144K, used 34734K [0x00000007bab00000, 0x00000007c0000000, 0x00000007c0000000)
  eden space 53248K, 33% used [0x00000007bab00000,0x00000007bbc6f100,0x00000007bdf00000)
  from space 16896K, 99% used [0x00000007bdf00000,0x00000007bef7c9e0,0x00000007bef80000)
  to   space 16896K, 0% used [0x00000007bef80000,0x00000007bef80000,0x00000007c0000000)
 ParOldGen       total 129536K, used 23022K [0x00000007b0000000, 0x00000007b7e80000, 0x00000007bab00000)
  object space 129536K, 17% used [0x00000007b0000000,0x00000007b167b958,0x00000007b7e80000)
 Metaspace       used 50209K, capacity 50882K, committed 51072K, reserved 1093632K
  class space    used 6396K, capacity 6528K, committed 6528K, reserved 1048576K
GC Heap History (10 events):
Event: 18.480 GC heap before
{Heap before GC invocations=33 (full 2):
 PSYoungGen      total 74240K, used 74221K [0x00000007bab00000, 0x00000007c0000000, 0x00000007c0000000)
  eden space 65536K, 100% used [0x00000007bab00000,0x00000007beb00000,0x00000007beb00000)
  from space 8704K, 99% used [0x00000007bf700000,0x00000007bff7b7e8,0x00000007bff80000)
  to   space 10752K, 0% used [0x00000007beb00000,0x00000007beb00000,0x00000007bf580000)
 ParOldGen       total 129536K, used 15563K [0x00000007b0000000, 0x00000007b7e80000, 0x00000007bab00000)
  object space 129536K, 12% used [0x00000007b0000000,0x00000007b0f32cd8,0x00000007b7e80000)
 Metaspace       used 43500K, capacity 43796K, committed 44160K, reserved 1087488K
  class space    used 5608K, capacity 5669K, committed 5760K, reserved 1048576K
Event: 18.493 GC heap after
Heap after GC invocations=33 (full 2):
 PSYoungGen      total 73216K, used 7382K [0x00000007bab00000, 0x00000007c0000000, 0x00000007c0000000)
  eden space 65536K, 0% used [0x00000007bab00000,0x00000007bab00000,0x00000007beb00000)
  from space 7680K, 96% used [0x00000007beb00000,0x00000007bf235ab8,0x00000007bf280000)
  to   space 11264K, 0% used [0x00000007bf500000,0x00000007bf500000,0x00000007c0000000)
 ParOldGen       total 129536K, used 19439K [0x00000007b0000000, 0x00000007b7e80000, 0x00000007bab00000)
  object space 129536K, 15% used [0x00000007b0000000,0x00000007b12fbef0,0x00000007b7e80000)
 Metaspace       used 43500K, capacity 43796K, committed 44160K, reserved 1087488K
  class space    used 5608K, capacity 5669K, committed 5760K, reserved 1048576K
}
Event: 19.078 GC heap before
{Heap before GC invocations=34 (full 2):
 PSYoungGen      total 73216K, used 72918K [0x00000007bab00000, 0x00000007c0000000, 0x00000007c0000000)
  eden space 65536K, 100% used [0x00000007bab00000,0x00000007beb00000,0x00000007beb00000)
  from space 7680K, 96% used [0x00000007beb00000,0x00000007bf235ab8,0x00000007bf280000)
  to   space 11264K, 0% used [0x00000007bf500000,0x00000007bf500000,0x00000007c0000000)
 ParOldGen       total 129536K, used 19439K [0x00000007b0000000, 0x00000007b7e80000, 0x00000007bab00000)
  object space 129536K, 15% used [0x00000007b0000000,0x00000007b12fbef0,0x00000007b7e80000)
 Metaspace       used 44650K, capacity 45020K, committed 45312K, reserved 1089536K
  class space    used 5757K, capacity 5837K, committed 5888K, reserved 1048576K
Event: 19.085 GC heap after
Heap after GC invocations=34 (full 2):
 PSYoungGen      total 72704K, used 10090K [0x00000007bab00000, 0x00000007c0000000, 0x00000007c0000000)
  eden space 61440K, 0% used [0x00000007bab00000,0x00000007bab00000,0x00000007be700000)
  from space 11264K, 89% used [0x00000007bf500000,0x00000007bfeda930,0x00000007c0000000)
  to   space 12800K, 0% used [0x00000007be700000,0x00000007be700000,0x00000007bf380000)
 ParOldGen       total 129536K, used 19447K [0x00000007b0000000, 0x00000007b7e80000, 0x00000007bab00000)
  object space 129536K, 15% used [0x00000007b0000000,0x00000007b12fdef0,0x00000007b7e80000)
 Metaspace       used 44650K, capacity 45020K, committed 45312K, reserved 1089536K
  class space    used 5757K, capacity 5837K, committed 5888K, reserved 1048576K
}
Event: 19.638 GC heap before
{Heap before GC invocations=35 (full 2):
 PSYoungGen      total 72704K, used 71530K [0x00000007bab00000, 0x00000007c0000000, 0x00000007c0000000)
  eden space 61440K, 100% used [0x00000007bab00000,0x00000007be700000,0x00000007be700000)
  from space 11264K, 89% used [0x00000007bf500000,0x00000007bfeda930,0x00000007c0000000)
  to   space 12800K, 0% used [0x00000007be700000,0x00000007be700000,0x00000007bf380000)
 ParOldGen       total 129536K, used 19447K [0x00000007b0000000, 0x00000007b7e80000, 0x00000007bab00000)
  object space 129536K, 15% used [0x00000007b0000000,0x00000007b12fdef0,0x00000007b7e80000)
 Metaspace       used 45219K, capacity 45638K, committed 46208K, reserved 1089536K
  class space    used 5837K, capacity 5910K, committed 6016K, reserved 1048576K
Event: 19.645 GC heap after
Heap after GC invocations=35 (full 2):
 PSYoungGen      total 73216K, used 11756K [0x00000007bab00000, 0x00000007c0000000, 0x00000007c0000000)
  eden space 61440K, 0% used [0x00000007bab00000,0x00000007bab00000,0x00000007be700000)
  from space 11776K, 99% used [0x00000007be700000,0x00000007bf27b240,0x00000007bf280000)
  to   space 13824K, 0% used [0x00000007bf280000,0x00000007bf280000,0x00000007c0000000)
 ParOldGen       total 129536K, used 19455K [0x00000007b0000000, 0x00000007b7e80000, 0x00000007bab00000)
  object space 129536K, 15% used [0x00000007b0000000,0x00000007b12ffef0,0x00000007b7e80000)
 Metaspace       used 45219K, capacity 45638K, committed 46208K, reserved 1089536K
  class space    used 5837K, capacity 5910K, committed 6016K, reserved 1048576K
}
Event: 20.206 GC heap before
{Heap before GC invocations=36 (full 2):
 PSYoungGen      total 73216K, used 73196K [0x00000007bab00000, 0x00000007c0000000, 0x00000007c0000000)
  eden space 61440K, 100% used [0x00000007bab00000,0x00000007be700000,0x00000007be700000)
  from space 11776K, 99% used [0x00000007be700000,0x00000007bf27b240,0x00000007bf280000)
  to   space 13824K, 0% used [0x00000007bf280000,0x00000007bf280000,0x00000007c0000000)
 ParOldGen       total 129536K, used 19455K [0x00000007b0000000, 0x00000007b7e80000, 0x00000007bab00000)
  object space 129536K, 15% used [0x00000007b0000000,0x00000007b12ffef0,0x00000007b7e80000)
 Metaspace       used 45841K, capacity 46330K, committed 46848K, reserved 1089536K
  class space    used 5901K, capacity 6020K, committed 6144K, reserved 1048576K
Event: 20.214 GC heap after
Heap after GC invocations=36 (full 2):
 PSYoungGen      total 67072K, used 13822K [0x00000007bab00000, 0x00000007c0000000, 0x00000007c0000000)
  eden space 53248K, 0% used [0x00000007bab00000,0x00000007bab00000,0x00000007bdf00000)
  from space 13824K, 99% used [0x00000007bf280000,0x00000007bffff9c0,0x00000007c0000000)
  to   space 16896K, 0% used [0x00000007bdf00000,0x00000007bdf00000,0x00000007bef80000)
 ParOldGen       total 129536K, used 19463K [0x00000007b0000000, 0x00000007b7e80000, 0x00000007bab00000)
  object space 129536K, 15% used [0x00000007b0000000,0x00000007b1301ef0,0x00000007b7e80000)
 Metaspace       used 45841K, capacity 46330K, committed 46848K, reserved 1089536K
  class space    used 5901K, capacity 6020K, committed 6144K, reserved 1048576K
}
Event: 21.130 GC heap before
{Heap before GC invocations=37 (full 2):
 PSYoungGen      total 67072K, used 67070K [0x00000007bab00000, 0x00000007c0000000, 0x00000007c0000000)
  eden space 53248K, 100% used [0x00000007bab00000,0x00000007bdf00000,0x00000007bdf00000)
  from space 13824K, 99% used [0x00000007bf280000,0x00000007bffff9c0,0x00000007c0000000)
  to   space 16896K, 0% used [0x00000007bdf00000,0x00000007bdf00000,0x00000007bef80000)
 ParOldGen       total 129536K, used 19463K [0x00000007b0000000, 0x00000007b7e80000, 0x00000007bab00000)
  object space 129536K, 15% used [0x00000007b0000000,0x00000007b1301ef0,0x00000007b7e80000)
 Metaspace       used 50124K, capacity 50800K, committed 51072K, reserved 1093632K
  class space    used 6386K, capacity 6525K, committed 6528K, reserved 1048576K
Event: 21.143 GC heap after
Heap after GC invocations=37 (full 2):
 PSYoungGen      total 70144K, used 16882K [0x00000007bab00000, 0x00000007c0000000, 0x00000007c0000000)
  eden space 53248K, 0% used [0x00000007bab00000,0x00000007bab00000,0x00000007bdf00000)
  from space 16896K, 99% used [0x00000007bdf00000,0x00000007bef7c9e0,0x00000007bef80000)
  to   space 16896K, 0% used [0x00000007bef80000,0x00000007bef80000,0x00000007c0000000)
 ParOldGen       total 129536K, used 23022K [0x00000007b0000000, 0x00000007b7e80000, 0x00000007bab00000)
  object space 129536K, 17% used [0x00000007b0000000,0x00000007b167b958,0x00000007b7e80000)
 Metaspace       used 50124K, capacity 50800K, committed 51072K, reserved 1093632K
  class space    used 6386K, capacity 6525K, committed 6528K, reserved 1048576K
}

